%!Adobe-FontList 1.13
%Locale:0x804

%BeginFont
Handler:DirectoryHandler
FontType:Type1
FontName:MinionPro-Regular
FamilyName:Minion Pro
StyleName:Regular
FullName:Minion Pro
MenuName:Minion Pro
StyleBits:0
WritingScript:Roman
OutlineFileName:C:\Users\User\Desktop\Presentation Alfred Victor Yinghsuan Oct 09\Document fonts\MinionPro-Regular.otf
DataFormat:sfntData
UsesStandardEncoding:yes
isCFF:yes
FileLength:231312
FileModTime:1327497168
WeightClass:400
WidthClass:5
AngleClass:0
DesignSize:110
%EndFont

